                       :-) GROMACS - gmx mdrun, 2019 (-:

                            GROMACS is written by:
     Emile Apol      Rossen Apostolov      Paul Bauer     Herman J.C. Berendsen
    Par Bjelkmar      Christian Blau   Viacheslav Bolnykh     Kevin Boyd    
 Aldert van Buuren   Rudi van Drunen     Anton Feenstra       Alan Gray     
  Gerrit Groenhof     Anca Hamuraru    Vincent Hindriksen  M. Eric Irrgang  
  Aleksei Iupinov   Christoph Junghans     Joe Jordan     Dimitrios Karkoulis
    Peter Kasson        Jiri Kraus      Carsten Kutzner      Per Larsson    
  Justin A. Lemkul    Viveca Lindahl    Magnus Lundborg     Erik Marklund   
    Pascal Merz     Pieter Meulenhoff    Teemu Murtola       Szilard Pall   
    Sander Pronk      Roland Schulz      Michael Shirts    Alexey Shvetsov  
   Alfons Sijbers     Peter Tieleman      Jon Vincent      Teemu Virolainen 
 Christian Wennberg    Maarten Wolf   
                           and the project leaders:
        Mark Abraham, Berk Hess, Erik Lindahl, and David van der Spoel

Copyright (c) 1991-2000, University of Groningen, The Netherlands.
Copyright (c) 2001-2018, The GROMACS development team at
Uppsala University, Stockholm University and
the Royal Institute of Technology, Sweden.
check out http://www.gromacs.org for more information.

GROMACS is free software; you can redistribute it and/or modify it
under the terms of the GNU Lesser General Public License
as published by the Free Software Foundation; either version 2.1
of the License, or (at your option) any later version.

GROMACS:      gmx mdrun, version 2019
Executable:   /home/marie/Utilities/gromacs-2019/build-normal/bin/gmx
Data prefix:  /home/marie/Utilities/gromacs-2019 (source tree)
Working dir:  /home/marie/GIT_COVID19/cov2-s-pep/screens/screen1_2/instance_1/RBD-o-g-r-ACE2-solv-stp25_prod
Process ID:   12617
Command line:
  gmx -quiet mdrun -gpu_id 0 -s md.tpr -v -nt 2 -nice 0 -c md.gro -ntmpi 1

GROMACS version:    2019
Precision:          single
Memory model:       64 bit
MPI library:        thread_mpi
OpenMP support:     enabled (GMX_OPENMP_MAX_THREADS = 64)
GPU support:        CUDA
SIMD instructions:  AVX2_256
FFT library:        fftw-3.3.8-sse2-avx-avx2-avx2_128-avx512
RDTSCP usage:       enabled
TNG support:        enabled
Hwloc support:      hwloc-1.11.6
Tracing support:    disabled
C compiler:         /usr/bin/cc GNU 7.4.0
C compiler flags:    -mavx2 -mfma     -O3 -DNDEBUG -funroll-all-loops -fexcess-precision=fast  
C++ compiler:       /usr/bin/c++ GNU 7.4.0
C++ compiler flags:  -mavx2 -mfma    -std=c++11   -O3 -DNDEBUG -funroll-all-loops -fexcess-precision=fast  
CUDA compiler:      /usr/local/cuda/bin/nvcc nvcc: NVIDIA (R) Cuda compiler driver;Copyright (c) 2005-2019 NVIDIA Corporation;Built on Sun_Jul_28_19:07:16_PDT_2019;Cuda compilation tools, release 10.1, V10.1.243
CUDA compiler flags:-gencode;arch=compute_30,code=sm_30;-gencode;arch=compute_35,code=sm_35;-gencode;arch=compute_37,code=sm_37;-gencode;arch=compute_50,code=sm_50;-gencode;arch=compute_52,code=sm_52;-gencode;arch=compute_60,code=sm_60;-gencode;arch=compute_61,code=sm_61;-gencode;arch=compute_70,code=sm_70;-gencode;arch=compute_75,code=compute_75;-use_fast_math;-D_FORCE_INLINES;; ;-mavx2;-mfma;-std=c++11;-O3;-DNDEBUG;-funroll-all-loops;-fexcess-precision=fast;
CUDA driver:        10.10
CUDA runtime:       10.10


Running on 1 node with total 10 cores, 20 logical cores, 2 compatible GPUs
Hardware detected:
  CPU info:
    Vendor: Intel
    Brand:  Intel(R) Xeon(R) CPU E5-2640 v4 @ 2.40GHz
    Family: 6   Model: 79   Stepping: 1
    Features: aes apic avx avx2 clfsh cmov cx8 cx16 f16c fma hle htt intel lahf mmx msr nonstop_tsc pcid pclmuldq pdcm pdpe1gb popcnt pse rdrnd rdtscp rtm sse2 sse3 sse4.1 sse4.2 ssse3 tdt x2apic
  Hardware topology: Full, with devices
    Sockets, cores, and logical processors:
      Socket  0: [   0  10] [   1  11] [   2  12] [   3  13] [   4  14] [   5  15] [   6  16] [   7  17] [   8  18] [   9  19]
    Numa nodes:
      Node  0 (67458154496 bytes mem):   0   1   2   3   4   5   6   7   8   9  10  11  12  13  14  15  16  17  18  19
      Latency:
               0
         0  1.00
    Caches:
      L1: 32768 bytes, linesize 64 bytes, assoc. 8, shared 2 ways
      L2: 262144 bytes, linesize 64 bytes, assoc. 8, shared 2 ways
      L3: 26214400 bytes, linesize 64 bytes, assoc. 20, shared 20 ways
    PCI devices:
      0000:09:00.0  Id: 10de:1b80  Class: 0x0300  Numa: 0
      0000:05:00.0  Id: 10de:1b80  Class: 0x0300  Numa: 0
      0000:00:19.0  Id: 8086:15a0  Class: 0x0200  Numa: 0
      0000:0e:00.0  Id: 8086:1533  Class: 0x0200  Numa: 0
      0000:0f:00.0  Id: 1b21:0612  Class: 0x0106  Numa: 0
      0000:10:00.0  Id: 1b21:0612  Class: 0x0106  Numa: 0
      0000:00:1f.2  Id: 8086:8d02  Class: 0x0106  Numa: 0
  GPU info:
    Number of GPUs detected: 2
    #0: NVIDIA GeForce GTX 1080, compute cap.: 6.1, ECC:  no, stat: compatible
    #1: NVIDIA GeForce GTX 1080, compute cap.: 6.1, ECC:  no, stat: compatible


++++ PLEASE READ AND CITE THE FOLLOWING REFERENCE ++++
M. J. Abraham, T. Murtola, R. Schulz, S. Páll, J. C. Smith, B. Hess, E.
Lindahl
GROMACS: High performance molecular simulations through multi-level
parallelism from laptops to supercomputers
SoftwareX 1 (2015) pp. 19-25
-------- -------- --- Thank You --- -------- --------


++++ PLEASE READ AND CITE THE FOLLOWING REFERENCE ++++
S. Páll, M. J. Abraham, C. Kutzner, B. Hess, E. Lindahl
Tackling Exascale Software Challenges in Molecular Dynamics Simulations with
GROMACS
In S. Markidis & E. Laure (Eds.), Solving Software Challenges for Exascale 8759 (2015) pp. 3-27
-------- -------- --- Thank You --- -------- --------


++++ PLEASE READ AND CITE THE FOLLOWING REFERENCE ++++
S. Pronk, S. Páll, R. Schulz, P. Larsson, P. Bjelkmar, R. Apostolov, M. R.
Shirts, J. C. Smith, P. M. Kasson, D. van der Spoel, B. Hess, and E. Lindahl
GROMACS 4.5: a high-throughput and highly parallel open source molecular
simulation toolkit
Bioinformatics 29 (2013) pp. 845-54
-------- -------- --- Thank You --- -------- --------


++++ PLEASE READ AND CITE THE FOLLOWING REFERENCE ++++
B. Hess and C. Kutzner and D. van der Spoel and E. Lindahl
GROMACS 4: Algorithms for highly efficient, load-balanced, and scalable
molecular simulation
J. Chem. Theory Comput. 4 (2008) pp. 435-447
-------- -------- --- Thank You --- -------- --------


++++ PLEASE READ AND CITE THE FOLLOWING REFERENCE ++++
D. van der Spoel, E. Lindahl, B. Hess, G. Groenhof, A. E. Mark and H. J. C.
Berendsen
GROMACS: Fast, Flexible and Free
J. Comp. Chem. 26 (2005) pp. 1701-1719
-------- -------- --- Thank You --- -------- --------


++++ PLEASE READ AND CITE THE FOLLOWING REFERENCE ++++
E. Lindahl and B. Hess and D. van der Spoel
GROMACS 3.0: A package for molecular simulation and trajectory analysis
J. Mol. Mod. 7 (2001) pp. 306-317
-------- -------- --- Thank You --- -------- --------


++++ PLEASE READ AND CITE THE FOLLOWING REFERENCE ++++
H. J. C. Berendsen, D. van der Spoel and R. van Drunen
GROMACS: A message-passing parallel molecular dynamics implementation
Comp. Phys. Comm. 91 (1995) pp. 43-56
-------- -------- --- Thank You --- -------- --------


++++ PLEASE CITE THE DOI FOR THIS VERSION OF GROMACS ++++
https://doi.org/10.5281/zenodo.2424363
-------- -------- --- Thank You --- -------- --------

Input Parameters:
   integrator                     = md
   tinit                          = 0
   dt                             = 0.002
   nsteps                         = 50000000
   init-step                      = 0
   simulation-part                = 1
   comm-mode                      = Linear
   nstcomm                        = 100
   bd-fric                        = 0
   ld-seed                        = -1317465289
   emtol                          = 10
   emstep                         = 0.01
   niter                          = 20
   fcstep                         = 0
   nstcgsteep                     = 1000
   nbfgscorr                      = 10
   rtpi                           = 0.05
   nstxout                        = 0
   nstvout                        = 50000
   nstfout                        = 0
   nstlog                         = 50000
   nstcalcenergy                  = 100
   nstenergy                      = 50000
   nstxout-compressed             = 50000
   compressed-x-precision         = 1000
   cutoff-scheme                  = Verlet
   nstlist                        = 10
   ns-type                        = Grid
   pbc                            = xyz
   periodic-molecules             = false
   verlet-buffer-tolerance        = 0.005
   rlist                          = 1
   coulombtype                    = PME
   coulomb-modifier               = Potential-shift
   rcoulomb-switch                = 0
   rcoulomb                       = 1
   epsilon-r                      = 1
   epsilon-rf                     = inf
   vdw-type                       = Cut-off
   vdw-modifier                   = Potential-shift
   rvdw-switch                    = 0
   rvdw                           = 1
   DispCorr                       = EnerPres
   table-extension                = 1
   fourierspacing                 = 0.16
   fourier-nx                     = 56
   fourier-ny                     = 56
   fourier-nz                     = 56
   pme-order                      = 4
   ewald-rtol                     = 1e-05
   ewald-rtol-lj                  = 0.001
   lj-pme-comb-rule               = Geometric
   ewald-geometry                 = 0
   epsilon-surface                = 0
   tcoupl                         = V-rescale
   nsttcouple                     = 10
   nh-chain-length                = 0
   print-nose-hoover-chain-variables = false
   pcoupl                         = Berendsen
   pcoupltype                     = Isotropic
   nstpcouple                     = 10
   tau-p                          = 1
   compressibility (3x3):
      compressibility[    0]={ 4.50000e-05,  0.00000e+00,  0.00000e+00}
      compressibility[    1]={ 0.00000e+00,  4.50000e-05,  0.00000e+00}
      compressibility[    2]={ 0.00000e+00,  0.00000e+00,  4.50000e-05}
   ref-p (3x3):
      ref-p[    0]={ 1.00000e+00,  0.00000e+00,  0.00000e+00}
      ref-p[    1]={ 0.00000e+00,  1.00000e+00,  0.00000e+00}
      ref-p[    2]={ 0.00000e+00,  0.00000e+00,  1.00000e+00}
   refcoord-scaling               = No
   posres-com (3):
      posres-com[0]= 0.00000e+00
      posres-com[1]= 0.00000e+00
      posres-com[2]= 0.00000e+00
   posres-comB (3):
      posres-comB[0]= 0.00000e+00
      posres-comB[1]= 0.00000e+00
      posres-comB[2]= 0.00000e+00
   QMMM                           = false
   QMconstraints                  = 0
   QMMMscheme                     = 0
   MMChargeScaleFactor            = 1
qm-opts:
   ngQM                           = 0
   constraint-algorithm           = Lincs
   continuation                   = true
   Shake-SOR                      = false
   shake-tol                      = 0.0001
   lincs-order                    = 4
   lincs-iter                     = 1
   lincs-warnangle                = 30
   nwall                          = 0
   wall-type                      = 9-3
   wall-r-linpot                  = -1
   wall-atomtype[0]               = -1
   wall-atomtype[1]               = -1
   wall-density[0]                = 0
   wall-density[1]                = 0
   wall-ewald-zfac                = 3
   pull                           = false
   awh                            = false
   rotation                       = false
   interactiveMD                  = false
   disre                          = No
   disre-weighting                = Conservative
   disre-mixed                    = false
   dr-fc                          = 1000
   dr-tau                         = 0
   nstdisreout                    = 100
   orire-fc                       = 0
   orire-tau                      = 0
   nstorireout                    = 100
   free-energy                    = no
   cos-acceleration               = 0
   deform (3x3):
      deform[    0]={ 0.00000e+00,  0.00000e+00,  0.00000e+00}
      deform[    1]={ 0.00000e+00,  0.00000e+00,  0.00000e+00}
      deform[    2]={ 0.00000e+00,  0.00000e+00,  0.00000e+00}
   simulated-tempering            = false
   swapcoords                     = no
   userint1                       = 0
   userint2                       = 0
   userint3                       = 0
   userint4                       = 0
   userreal1                      = 0
   userreal2                      = 0
   userreal3                      = 0
   userreal4                      = 0
   applied-forces:
     electric-field:
       x:
         E0                       = 0
         omega                    = 0
         t0                       = 0
         sigma                    = 0
       y:
         E0                       = 0
         omega                    = 0
         t0                       = 0
         sigma                    = 0
       z:
         E0                       = 0
         omega                    = 0
         t0                       = 0
         sigma                    = 0
grpopts:
   nrdf:     6320.31     93895.7
   ref-t:         300         300
   tau-t:         0.1         0.1
annealing:          No          No
annealing-npoints:           0           0
   acc:	           0           0           0
   nfreeze:           N           N           N
   energygrp-flags[  0]: 0

Changing nstlist from 10 to 100, rlist from 1 to 1.156

Using 1 MPI thread
Using 2 OpenMP threads 

1 GPU auto-selected for this run.
Mapping of GPU IDs to the 2 GPU tasks in the 1 rank on this node:
  PP:0,PME:0
PP tasks will do (non-perturbed) short-ranged interactions on the GPU
PME tasks will do all aspects on the GPU

NOTE: The number of threads is not equal to the number of (logical) cores
      and the -pin option is set to auto: will not pin threads to cores.
      This can lead to significant performance degradation.
      Consider using -pin on (and -pinoffset in case you run multiple jobs).
System total charge: 0.000
Will do PME sum in reciprocal space for electrostatic interactions.

++++ PLEASE READ AND CITE THE FOLLOWING REFERENCE ++++
U. Essmann, L. Perera, M. L. Berkowitz, T. Darden, H. Lee and L. G. Pedersen 
A smooth particle mesh Ewald method
J. Chem. Phys. 103 (1995) pp. 8577-8592
-------- -------- --- Thank You --- -------- --------

Using a Gaussian width (1/beta) of 0.320163 nm for Ewald
Potential shift: LJ r^-12: -1.000e+00 r^-6: -1.000e+00, Ewald -1.000e-05
Initialized non-bonded Ewald correction tables, spacing: 9.33e-04 size: 1073

Long Range LJ corr.: <C6> 3.1345e-04
Generated table with 1078 data points for Ewald.
Tabscale = 500 points/nm
Generated table with 1078 data points for LJ6.
Tabscale = 500 points/nm
Generated table with 1078 data points for LJ12.
Tabscale = 500 points/nm
Generated table with 1078 data points for 1-4 COUL.
Tabscale = 500 points/nm
Generated table with 1078 data points for 1-4 LJ6.
Tabscale = 500 points/nm
Generated table with 1078 data points for 1-4 LJ12.
Tabscale = 500 points/nm

Using GPU 8x8 nonbonded short-range kernels

Using a dual 8x4 pair-list setup updated with dynamic, rolling pruning:
  outer list: updated every 100 steps, buffer 0.156 nm, rlist 1.156 nm
  inner list: updated every  10 steps, buffer 0.001 nm, rlist 1.001 nm
At tolerance 0.005 kJ/mol/ps per atom, equivalent classical 1x1 list would be:
  outer list: updated every 100 steps, buffer 0.304 nm, rlist 1.304 nm
  inner list: updated every  10 steps, buffer 0.042 nm, rlist 1.042 nm

Using Lorentz-Berthelot Lennard-Jones combination rule


Initializing LINear Constraint Solver

++++ PLEASE READ AND CITE THE FOLLOWING REFERENCE ++++
B. Hess and H. Bekker and H. J. C. Berendsen and J. G. E. M. Fraaije
LINCS: A Linear Constraint Solver for molecular simulations
J. Comp. Chem. 18 (1997) pp. 1463-1472
-------- -------- --- Thank You --- -------- --------

The number of constraints is 3431

++++ PLEASE READ AND CITE THE FOLLOWING REFERENCE ++++
S. Miyamoto and P. A. Kollman
SETTLE: An Analytical Version of the SHAKE and RATTLE Algorithms for Rigid
Water Models
J. Comp. Chem. 13 (1992) pp. 952-962
-------- -------- --- Thank You --- -------- --------

Center of mass motion removal mode is Linear
We have the following groups for center of mass motion removal:
  0:  rest

++++ PLEASE READ AND CITE THE FOLLOWING REFERENCE ++++
G. Bussi, D. Donadio and M. Parrinello
Canonical sampling through velocity rescaling
J. Chem. Phys. 126 (2007) pp. 014101
-------- -------- --- Thank You --- -------- --------

There are: 50053 Atoms

Started mdrun on rank 0 Fri May 22 12:29:07 2020

           Step           Time
              0        0.00000

   Energies (kJ/mol)
          Angle    Proper Dih.  Improper Dih.          LJ-14     Coulomb-14
    6.83073e+03    8.75273e+03    3.94632e+02    3.47217e+03    3.97643e+04
        LJ (SR)  Disper. corr.   Coulomb (SR)   Coul. recip.      Potential
    9.48842e+04   -6.52776e+03   -8.62601e+05    4.99395e+03   -7.10036e+05
    Kinetic En.   Total Energy  Conserved En.    Temperature Pres. DC (bar)
    1.37374e+05   -5.72662e+05   -5.67136e+05    3.29734e+02   -2.15626e+02
 Pressure (bar)   Constr. rmsd
   -1.28982e+04    3.37622e-04

step  200: timed with pme grid 56 56 56, coulomb cutoff 1.000: 411.1 M-cycles
step  400: timed with pme grid 48 48 48, coulomb cutoff 1.130: 416.0 M-cycles
step  600: timed with pme grid 44 44 44, coulomb cutoff 1.233: 449.6 M-cycles
step  800: timed with pme grid 40 40 40, coulomb cutoff 1.356: 494.0 M-cycles


Received the INT signal, stopping within 100 steps

           Step           Time
            900        1.80000

Writing checkpoint, step 900 at Fri May 22 12:29:11 2020


   Energies (kJ/mol)
          Angle    Proper Dih.  Improper Dih.          LJ-14     Coulomb-14
    6.64851e+03    8.77915e+03    3.84385e+02    3.97206e+03    4.07268e+04
        LJ (SR)  Disper. corr.   Coulomb (SR)   Coul. recip.      Potential
    9.51983e+04   -6.55726e+03   -8.60518e+05    2.15567e+03   -7.09210e+05
    Kinetic En.   Total Energy  Conserved En.    Temperature Pres. DC (bar)
    1.24090e+05   -5.85120e+05   -5.75426e+05    2.97849e+02   -2.17577e+02
 Pressure (bar)   Constr. rmsd
    5.76131e+01    2.74023e-05

	<======  ###############  ==>
	<====  A V E R A G E S  ====>
	<==  ###############  ======>

	Statistics over 901 steps using 10 frames

   Energies (kJ/mol)
          Angle    Proper Dih.  Improper Dih.          LJ-14     Coulomb-14
    6.80971e+03    8.68230e+03    3.93621e+02    3.89087e+03    4.06572e+04
        LJ (SR)  Disper. corr.   Coulomb (SR)   Coul. recip.      Potential
    9.56500e+04   -6.56815e+03   -8.62366e+05    2.91978e+03   -7.09930e+05
    Kinetic En.   Total Energy  Conserved En.    Temperature Pres. DC (bar)
    1.25690e+05   -5.84241e+05   -5.74598e+05    3.01688e+02   -2.18301e+02
 Pressure (bar)   Constr. rmsd
   -1.22519e+03    0.00000e+00

          Box-X          Box-Y          Box-Z
    8.66138e+00    8.16609e+00    7.07226e+00

   Total Virial (kJ/mol)
    6.05158e+04   -9.66580e+02   -7.40835e+01
   -9.57852e+02    5.95243e+04    6.08255e+02
   -7.52902e+01    6.02128e+02    6.13724e+04

   Pressure (bar)
   -1.23147e+03    5.32619e+01    1.19087e+01
    5.26834e+01   -1.16041e+03   -5.23008e+01
    1.19892e+01   -5.18939e+01   -1.28369e+03

      T-Protein  T-non-Protein
    3.35415e+02    2.99418e+02


       P P   -   P M E   L O A D   B A L A N C I N G

 PP/PME load balancing changed the cut-off and PME settings:
           particle-particle                    PME
            rcoulomb  rlist            grid      spacing   1/beta
   initial  1.000 nm  1.001 nm      56  56  56   0.155 nm  0.320 nm
   final    1.292 nm  1.293 nm      42  42  42   0.207 nm  0.414 nm
 cost-ratio           2.15             0.42
 (note that these numbers concern only part of the total PP and PME load)


	M E G A - F L O P S   A C C O U N T I N G

 NB=Group-cutoff nonbonded kernels    NxN=N-by-N cluster Verlet kernels
 RF=Reaction-Field  VdW=Van der Waals  QSTab=quadratic-spline table
 W3=SPC/TIP3p  W4=TIP4p (single or pairs)
 V&F=Potential and force  V=Potential only  F=Force only

 Computing:                               M-Number         M-Flops  % Flops
-----------------------------------------------------------------------------
 Pair Search distance check              59.015408         531.139     0.0
 NxN Ewald Elec. + LJ [F]             59718.485376     3941420.035    97.9
 NxN Ewald Elec. + LJ [V&F]             680.370304       72799.623     1.8
 1,4 nonbonded interactions               8.060346         725.431     0.0
 Shift-X                                  0.500530           3.003     0.0
 Angles                                   5.551962         932.730     0.0
 Propers                                  8.482915        1942.588     0.0
 Impropers                                0.639710         133.060     0.0
 Virial                                   4.558918          82.061     0.0
 Stop-CM                                  0.500530           5.005     0.0
 P-Coupling                               4.554823          27.329     0.0
 Calc-Ekin                                9.109646         245.960     0.0
 Lincs                                    3.091331         185.480     0.0
 Lincs-Mat                               66.623544         266.494     0.0
 Constraint-V                            48.087271         384.698     0.0
 Constraint-Vir                           4.544540         109.069     0.0
 Settle                                  13.968203        4511.730     0.1
-----------------------------------------------------------------------------
 Total                                                 4024305.433   100.0
-----------------------------------------------------------------------------


     R E A L   C Y C L E   A N D   T I M E   A C C O U N T I N G

On 1 MPI rank, each using 2 OpenMP threads

 Computing:          Num   Num      Call    Wall time         Giga-Cycles
                     Ranks Threads  Count      (s)         total sum    %
-----------------------------------------------------------------------------
 Neighbor search        1    2         10       0.152          0.730   3.7
 Launch GPU ops.        1    2       1802       0.085          0.408   2.1
 Force                  1    2        901       0.381          1.826   9.3
 Wait PME GPU gather    1    2        901       0.129          0.619   3.2
 Reduce GPU PME F       1    2        901       0.038          0.183   0.9
 Wait GPU NB local      1    2        901       0.329          1.578   8.0
 NB X/F buffer ops.     1    2       1792       0.156          0.748   3.8
 Write traj.            1    2          2       0.082          0.393   2.0
 Update                 1    2        901       0.086          0.412   2.1
 Constraints            1    2        901       0.310          1.489   7.6
 Rest                                           2.348         11.265  57.3
-----------------------------------------------------------------------------
 Total                                          4.096         19.650 100.0
-----------------------------------------------------------------------------

               Core t (s)   Wall t (s)        (%)
       Time:        8.192        4.096      200.0
                 (ns/day)    (hour/ns)
Performance:       38.010        0.631
Finished mdrun on rank 0 Fri May 22 12:29:11 2020

