
          -------------------------------------------------------
          Amber 16 SANDER                              2016
          -------------------------------------------------------

| Run on 04/13/2020 at 12:48:34

|   Executable path: sander
| Working directory: /home/salome/PROJECTS/PERSONAL/AB/ACE2_RBD
|          Hostname: Unknown
  [-O]verwriting output

File Assignments:
|  MDIN: ../mdins/min_02.mdin                                                  
| MDOUT: helix.min2.out                                                        
|INPCRD: helix.min1.rst7                                                       
|  PARM: helix.parm7                                                           
|RESTRT: helix.min2.rst7                                                       
|  REFC: helix.rst7                                                            
| MDVEL: mdvel                                                                 
| MDFRC: mdfrc                                                                 
|  MDEN: mden                                                                  
| MDCRD: mdcrd                                                                 
|MDINFO: mdinfo                                                                
|  MTMD: mtmd                                                                  
|INPDIP: inpdip                                                                
|RSTDIP: rstdip                                                                
|INPTRA: inptraj                                                               


 Here is the input file:

Minimization Water+protein                                                     
&cntrl                                                                         
	imin= 1, maxcyc=12000,                                                        
	ntpr=500, ncyc=4500,                                                          
	ntr = 1,                                                                      
        restraint_wt=5.0,                                                      
        restraintmask=':1-628@CA'                                              
/                                                                              

--------------------------------------------------------------------------------
   1.  RESOURCE   USE: 
--------------------------------------------------------------------------------

| Flags:                                                                        
 getting box info from netcdf restart file
| NetCDF restart box info found
|Largest sphere to fit in unit cell has radius =    35.054
| New format PARM file being parsed.
| Version =    1.000 Date = 04/13/20 Time = 13:42:28
 NATOM  =   42936 NTYPES =      17 NBONH =   41182 MBONA  =    1803
 NTHETH =    3710 MTHETA =    2451 NPHIH =    7844 MPHIA  =    7665
 NHPARM =       0 NPARM  =       0 NNB   =   71412 NRES   =   13401
 NBONA  =    1803 NTHETA =    2451 NPHIA =    7665 NUMBND =      63
 NUMANG =     143 NPTRA  =     185 NATYP =      34 NPHB   =       1
 IFBOX  =       2 NMXRS  =      24 IFCAP =       0 NEXTRA =       0
 NCOPY  =       0


|     Memory Use     Allocated
|     Real             3609572
|     Hollerith         142211
|     Integer          1737430
|     Max Pairs       14312000
|     nblistReal        515232
|     nblist Int       1854173
|       Total           102716 kbytes

| Note: 1-4 EEL scale factors are being read from the topology file.

| Note: 1-4 VDW scale factors are being read from the topology file.
| Duplicated    0 dihedrals
| Duplicated    0 dihedrals

     BOX TYPE: TRUNCATED OCTAHEDRON

--------------------------------------------------------------------------------
   2.  CONTROL  DATA  FOR  THE  RUN
--------------------------------------------------------------------------------

default_name                                                                    

General flags:
     imin    =       1, nmropt  =       0

Nature and format of input:
     ntx     =       1, irest   =       0, ntrx    =       1

Nature and format of output:
     ntxo    =       2, ntpr    =     500, ntrx    =       1, ntwr    =       1
     iwrap   =       0, ntwx    =       0, ntwv    =       0, ntwe    =       0
     ioutfm  =       1, ntwprt  =       0, idecomp =       0, rbornstat=      0

Potential function:
     ntf     =       1, ntb     =       1, igb     =       0, nsnb    =      25
     ipol    =       0, gbsa    =       0, iesp    =       0
     dielc   =   1.00000, cut     =   8.00000, intdiel =   1.00000

Frozen or restrained atoms:
     ibelly  =       0, ntr     =       1
     restraint_wt =   5.00000

Energy minimization:
     maxcyc  =   12000, ncyc    =    4500, ntmin   =       1
     dx0     =   0.01000, drms    =   0.00010

Ewald parameters:
     verbose =       0, ew_type =       0, nbflag  =       1, use_pme =       1
     vdwmeth =       1, eedmeth =       1, netfrc  =       0
     Box X =   85.864   Box Y =   85.864   Box Z =   85.864
     Alpha =  109.471   Beta  =  109.471   Gamma =  109.471
     NFFT1 =   90       NFFT2 =   90       NFFT3 =   90
     Cutoff=    8.000   Tol   =0.100E-04
     Ewald Coefficient =  0.34864
     Interpolation order =    4
|  INFO: Old style inpcrd file read


    LOADING THE CONSTRAINED ATOMS AS GROUPS


   5.  REFERENCE ATOM COORDINATES

  defa
     Mask :1-628@CA; matches   216 atoms

--------------------------------------------------------------------------------
   3.  ATOMIC COORDINATES AND VELOCITIES
--------------------------------------------------------------------------------

default_name                                                                    
 begin time read from input coords =     0.000 ps

 Number of triangulated 3-point waters found:    13179

     Sum of charges from parm topology file =  -0.00000011
     Forcing neutrality...

--------------------------------------------------------------------------------
   4.  RESULTS
--------------------------------------------------------------------------------

 ---------------------------------------------------
 APPROXIMATING switch and d/dx switch using CUBIC SPLINE INTERPOLATION
 using   5000.0 points per unit in tabled values
 TESTING RELATIVE ERROR over r ranging from 0.0 to cutoff
| CHECK switch(x): max rel err =   0.2738E-14   at   2.422500
| CHECK d/dx switch(x): max rel err =   0.8332E-11   at   2.782960
 ---------------------------------------------------
| Local SIZE OF NONBOND LIST =    7994735
| TOTAL SIZE OF NONBOND LIST =    7994735


   NSTEP       ENERGY          RMS            GMAX         NAME    NUMBER
      1      -1.7431E+05     4.2747E-02     2.1583E+00     H2       4623

 BOND    =    13542.0995  ANGLE   =      408.8933  DIHED      =     2561.0860
 VDWAALS =    33599.6136  EEL     =  -233675.1874  HBOND      =        0.0000
 1-4 VDW =      711.3598  1-4 EEL =     8422.0190  RESTRAINT  =      121.3421
 EAMBER  =  -174430.1161


   NSTEP       ENERGY          RMS            GMAX         NAME    NUMBER
    500      -1.7432E+05     4.2830E-02     6.5914E+00     CE1       235

 BOND    =    13544.4709  ANGLE   =      408.8485  DIHED      =     2561.0919
 VDWAALS =    33606.8207  EEL     =  -233699.5782  HBOND      =        0.0000
 1-4 VDW =      711.4199  1-4 EEL =     8422.1774  RESTRAINT  =      121.4950
 EAMBER  =  -174444.7489


   NSTEP       ENERGY          RMS            GMAX         NAME    NUMBER
   1000      -1.7434E+05     5.1470E-02     7.7142E+00     CG        290

 BOND    =    13547.2732  ANGLE   =      408.7241  DIHED      =     2561.0782
 VDWAALS =    33617.8189  EEL     =  -233728.3610  HBOND      =        0.0000
 1-4 VDW =      711.4701  1-4 EEL =     8422.2872  RESTRAINT  =      121.6195
 EAMBER  =  -174459.7093


   NSTEP       ENERGY          RMS            GMAX         NAME    NUMBER
   1500      -1.7435E+05     1.6961E-02     1.3268E+00     H1      17018

 BOND    =    13549.7663  ANGLE   =      408.5321  DIHED      =     2561.0806
 VDWAALS =    33630.6028  EEL     =  -233757.1922  HBOND      =        0.0000
 1-4 VDW =      711.5569  1-4 EEL =     8422.4728  RESTRAINT  =      121.7120
 EAMBER  =  -174473.1807


   NSTEP       ENERGY          RMS            GMAX         NAME    NUMBER
   2000      -1.7436E+05     6.1230E-02     9.1883E+00     CE1       235

 BOND    =    13551.8499  ANGLE   =      408.4431  DIHED      =     2561.0970
 VDWAALS =    33641.7158  EEL     =  -233783.1405  HBOND      =        0.0000
 1-4 VDW =      711.6532  1-4 EEL =     8422.6168  RESTRAINT  =      121.7866
 EAMBER  =  -174485.7646


   NSTEP       ENERGY          RMS            GMAX         NAME    NUMBER
   2500      -1.7438E+05     2.0930E-02     1.8806E+00     CE1       235

 BOND    =    13554.1824  ANGLE   =      408.3111  DIHED      =     2561.0917
 VDWAALS =    33653.1674  EEL     =  -233813.8992  HBOND      =        0.0000
 1-4 VDW =      711.7398  1-4 EEL =     8422.7229  RESTRAINT  =      121.8593
 EAMBER  =  -174502.6839


   NSTEP       ENERGY          RMS            GMAX         NAME    NUMBER
   3000      -1.7440E+05     1.6264E-02     8.0297E-01     CE1       235

 BOND    =    13556.6658  ANGLE   =      408.2699  DIHED      =     2561.1097
 VDWAALS =    33666.4715  EEL     =  -233844.5027  HBOND      =        0.0000
 1-4 VDW =      711.8248  1-4 EEL =     8422.8277  RESTRAINT  =      121.9391
 EAMBER  =  -174517.3333


   NSTEP       ENERGY          RMS            GMAX         NAME    NUMBER
   3500      -1.7441E+05     3.4769E-02     5.3876E+00     CE1       235

 BOND    =    13559.5317  ANGLE   =      408.2337  DIHED      =     2561.1701
 VDWAALS =    33682.1232  EEL     =  -233874.7862  HBOND      =        0.0000
 1-4 VDW =      711.9123  1-4 EEL =     8422.9735  RESTRAINT  =      122.0306
 EAMBER  =  -174528.8417


   NSTEP       ENERGY          RMS            GMAX         NAME    NUMBER
   4000      -1.7442E+05     4.1909E-02     6.2084E+00     CE1       235

 BOND    =    13562.0405  ANGLE   =      408.2192  DIHED      =     2561.3008
 VDWAALS =    33695.8660  EEL     =  -233902.1662  HBOND      =        0.0000
 1-4 VDW =      711.9988  1-4 EEL =     8423.1883  RESTRAINT  =      122.1394
 EAMBER  =  -174539.5524


   NSTEP       ENERGY          RMS            GMAX         NAME    NUMBER
   4500      -1.7443E+05     5.2413E-02     1.0875E+01     CG        165

 BOND    =    13563.7209  ANGLE   =      408.2335  DIHED      =     2561.4479
 VDWAALS =    33706.0620  EEL     =  -233923.4271  HBOND      =        0.0000
 1-4 VDW =      712.0701  1-4 EEL =     8423.3560  RESTRAINT  =      122.2480
 EAMBER  =  -174548.5367


   NSTEP       ENERGY          RMS            GMAX         NAME    NUMBER
   5000      -1.7451E+05     1.1086E-01     6.9024E+00     O       28468

 BOND    =    13578.4444  ANGLE   =      408.8105  DIHED      =     2561.8311
 VDWAALS =    33767.2981  EEL     =  -234080.7651  HBOND      =        0.0000
 1-4 VDW =      712.6462  1-4 EEL =     8423.2360  RESTRAINT  =      123.0822
 EAMBER  =  -174628.4989


   NSTEP       ENERGY          RMS            GMAX         NAME    NUMBER
   5500      -1.7456E+05     4.7523E-02     3.0737E+00     ND2      2151

 BOND    =    13592.1546  ANGLE   =      408.1882  DIHED      =     2562.6262
 VDWAALS =    33826.8037  EEL     =  -234208.7773  HBOND      =        0.0000
 1-4 VDW =      713.0548  1-4 EEL =     8425.0847  RESTRAINT  =      122.9975
 EAMBER  =  -174680.8652


   NSTEP       ENERGY          RMS            GMAX         NAME    NUMBER
   6000      -1.7461E+05     3.5459E-02     2.3460E+00     CB       2146

 BOND    =    13602.8497  ANGLE   =      408.2029  DIHED      =     2562.4522
 VDWAALS =    33883.0530  EEL     =  -234327.4538  HBOND      =        0.0000
 1-4 VDW =      713.2972  1-4 EEL =     8426.6613  RESTRAINT  =      123.3225
 EAMBER  =  -174730.9375


   NSTEP       ENERGY          RMS            GMAX         NAME    NUMBER
   6500      -1.7468E+05     3.0446E-02     2.1071E+00     CB       2191

 BOND    =    13613.3503  ANGLE   =      407.8594  DIHED      =     2563.2214
 VDWAALS =    33911.2162  EEL     =  -234436.4980  HBOND      =        0.0000
 1-4 VDW =      713.5616  1-4 EEL =     8427.7958  RESTRAINT  =      124.1412
 EAMBER  =  -174799.4934


   NSTEP       ENERGY          RMS            GMAX         NAME    NUMBER
   7000      -1.7472E+05     2.7237E-02     1.4596E+00     CG        290

 BOND    =    13617.2957  ANGLE   =      407.5021  DIHED      =     2563.3913
 VDWAALS =    33921.6754  EEL     =  -234496.5487  HBOND      =        0.0000
 1-4 VDW =      713.8051  1-4 EEL =     8428.1738  RESTRAINT  =      124.5399
 EAMBER  =  -174844.7052


   NSTEP       ENERGY          RMS            GMAX         NAME    NUMBER
   7500      -1.7478E+05     7.3182E-02     5.0896E+00     CE1       235

 BOND    =    13625.3506  ANGLE   =      407.1688  DIHED      =     2563.2181
 VDWAALS =    33925.5679  EEL     =  -234564.7812  HBOND      =        0.0000
 1-4 VDW =      714.1355  1-4 EEL =     8429.4476  RESTRAINT  =      124.8343
 EAMBER  =  -174899.8927


   NSTEP       ENERGY          RMS            GMAX         NAME    NUMBER
   8000      -1.7483E+05     1.5087E-01     8.1454E+00     H2      42330

 BOND    =    13632.3063  ANGLE   =      407.5098  DIHED      =     2564.0675
 VDWAALS =    33959.1599  EEL     =  -234659.7962  HBOND      =        0.0000
 1-4 VDW =      714.2069  1-4 EEL =     8429.9691  RESTRAINT  =      124.5166
 EAMBER  =  -174952.5768


   NSTEP       ENERGY          RMS            GMAX         NAME    NUMBER
   8500      -1.7488E+05     8.3328E-02     3.3448E+00     N        1153

 BOND    =    13639.4992  ANGLE   =      406.7544  DIHED      =     2565.3080
 VDWAALS =    33968.5736  EEL     =  -234728.4249  HBOND      =        0.0000
 1-4 VDW =      714.3413  1-4 EEL =     8430.3167  RESTRAINT  =      124.4111
 EAMBER  =  -175003.6316


   NSTEP       ENERGY          RMS            GMAX         NAME    NUMBER
   9000      -1.7492E+05     6.3230E-02     8.7617E+00     CG        290

 BOND    =    13644.5405  ANGLE   =      406.3578  DIHED      =     2565.6782
 VDWAALS =    33987.5927  EEL     =  -234798.5659  HBOND      =        0.0000
 1-4 VDW =      714.5014  1-4 EEL =     8430.2805  RESTRAINT  =      124.6655
 EAMBER  =  -175049.6148


   NSTEP       ENERGY          RMS            GMAX         NAME    NUMBER
   9500      -1.7497E+05     1.6900E-02     8.5605E-01     O       35686

 BOND    =    13657.6091  ANGLE   =      406.0199  DIHED      =     2566.0083
 VDWAALS =    34049.1585  EEL     =  -234919.0688  HBOND      =        0.0000
 1-4 VDW =      714.5316  1-4 EEL =     8429.9285  RESTRAINT  =      125.0584
 EAMBER  =  -175095.8129


   NSTEP       ENERGY          RMS            GMAX         NAME    NUMBER
  10000      -1.7500E+05     1.9504E-02     1.3381E+00     HA       2120

 BOND    =    13667.6027  ANGLE   =      405.7701  DIHED      =     2566.2353
 VDWAALS =    34091.0661  EEL     =  -234999.8244  HBOND      =        0.0000
 1-4 VDW =      714.4080  1-4 EEL =     8429.6328  RESTRAINT  =      125.0929
 EAMBER  =  -175125.1094


   NSTEP       ENERGY          RMS            GMAX         NAME    NUMBER
  10500      -1.7504E+05     1.8970E-02     1.1036E+00     H2       8709

 BOND    =    13677.7196  ANGLE   =      405.3945  DIHED      =     2566.2540
 VDWAALS =    34133.5802  EEL     =  -235087.6522  HBOND      =        0.0000
 1-4 VDW =      714.2175  1-4 EEL =     8430.3806  RESTRAINT  =      124.9701
 EAMBER  =  -175160.1059


   NSTEP       ENERGY          RMS            GMAX         NAME    NUMBER
  11000      -1.7507E+05     6.2852E-02     4.1783E+00     O       17035

 BOND    =    13682.5435  ANGLE   =      404.3549  DIHED      =     2565.9815
 VDWAALS =    34156.0236  EEL     =  -235147.2068  HBOND      =        0.0000
 1-4 VDW =      714.3332  1-4 EEL =     8429.2850  RESTRAINT  =      124.8453
 EAMBER  =  -175194.6851


   NSTEP       ENERGY          RMS            GMAX         NAME    NUMBER
  11500      -1.7510E+05     3.0781E-02     2.4950E+00     O        9421

 BOND    =    13690.1271  ANGLE   =      404.4407  DIHED      =     2566.6001
 VDWAALS =    34169.7326  EEL     =  -235199.6577  HBOND      =        0.0000
 1-4 VDW =      714.3070  1-4 EEL =     8429.8387  RESTRAINT  =      124.6833
 EAMBER  =  -175224.6115


   NSTEP       ENERGY          RMS            GMAX         NAME    NUMBER
  12000      -1.7512E+05     1.1129E-02     8.5424E-01     CG        290

 BOND    =    13693.7316  ANGLE   =      404.3386  DIHED      =     2567.0882
 VDWAALS =    34183.6891  EEL     =  -235236.7021  HBOND      =        0.0000
 1-4 VDW =      714.2441  1-4 EEL =     8429.7530  RESTRAINT  =      124.4647
 EAMBER  =  -175243.8576


  Maximum number of minimization cycles reached.


                    FINAL RESULTS



   NSTEP       ENERGY          RMS            GMAX         NAME    NUMBER
  12000      -1.7512E+05     1.1129E-02     8.5424E-01     CG        290

 BOND    =    13693.7316  ANGLE   =      404.3386  DIHED      =     2567.0882
 VDWAALS =    34183.6891  EEL     =  -235236.7021  HBOND      =        0.0000
 1-4 VDW =      714.2441  1-4 EEL =     8429.7530  RESTRAINT  =      124.4647
 EAMBER  =  -175243.8576

--------------------------------------------------------------------------------
   5.  TIMINGS
--------------------------------------------------------------------------------

|                Build the list             8.95 (85.15% of List )
|                Other                      1.56 (14.85% of List )
|             List time                 10.52 ( 0.33% of Nonbo)
|                   Short_ene time          2313.06 (98.85% of Direc)
|                   Other                     26.82 ( 1.15% of Direc)
|                Direct Ewald time       2339.88 (73.15% of Ewald)
|                Adjust Ewald time         18.76 ( 0.59% of Ewald)
|                   Fill Bspline coeffs       24.07 ( 2.88% of Recip)
|                   Fill charge grid          62.81 ( 7.52% of Recip)
|                   Scalar sum               307.52 (36.81% of Recip)
|                   Grad sum                 144.11 (17.25% of Recip)
|                   FFT time                 296.85 (35.53% of Recip)
|                Recip Ewald time         835.37 (26.12% of Ewald)
|                Virial junk                1.61 ( 0.05% of Ewald)
|                Other                      3.12 ( 0.10% of Ewald)
|             Ewald time              3198.77 (99.67% of Nonbo)
|          Nonbond force           3209.30 (98.49% of Force)
|          Bond/Angle/Dihedral       48.50 ( 1.49% of Force)
|          Other                      0.61 ( 0.02% of Force)
|       Force time              3258.41 (100.0% of Runmd)
|    Runmd Time              3258.41 (99.27% of Total)
|    Other                     23.92 ( 0.73% of Total)
| Total time              3282.34 (100.0% of ALL  )

| Number of list builds   :         32

| Highest rstack allocated:    2708014
| Highest istack allocated:      42936
|           Job began  at 12:48:34.745  on 04/13/2020
|           Setup done at 12:48:34.992  on 04/13/2020
|           Run   done at 13:43:17.083  on 04/13/2020
|     wallclock() was called  456112 times
